<?xml version="1.0" encoding="UTF-8"?>
<testng-results ignored="0" total="1" passed="1" failed="0" skipped="0">
  <reporter-output>
  </reporter-output>
  <suite started-at="2023-09-15T14:03:32 IST" name="Resgression" finished-at="2023-09-15T14:03:42 IST" duration-ms="10901">
    <groups>
    </groups>
    <test started-at="2023-09-15T14:03:32 IST" name="Regression 1" finished-at="2023-09-15T14:03:42 IST" duration-ms="10901">
      <class name="seleniumtests.SimpleTest">
        <test-method signature="verifyTitle()[pri:0, instance:seleniumtests.SimpleTest@24fcf36f]" started-at="2023-09-15T14:03:32 IST" name="verifyTitle" finished-at="2023-09-15T14:03:42 IST" duration-ms="10850" status="PASS">
          <reporter-output>
          </reporter-output>
        </test-method> <!-- verifyTitle -->
      </class> <!-- seleniumtests.SimpleTest -->
    </test> <!-- Regression 1 -->
  </suite> <!-- Resgression -->
</testng-results>
